[19:36:00] [main/INFO]: Loading Minecraft 1.19.4 with Fabric Loader 0.16.3
[19:36:00] [main/INFO]: Loading 4 mods:
	- fabricloader 0.16.3
	   \-- mixinextras 0.4.1
	- java 17
	- minecraft 1.19.4
[19:36:00] [main/INFO]: SpongePowered MIXIN Subsystem Version=0.8.7 Source=file:/workspaces/server3456/servidor_minecraft/libraries/net/fabricmc/sponge-mixin/0.15.2+mixin.0.8.7/sponge-mixin-0.15.2+mixin.0.8.7.jar Service=Knot/Fabric Env=SERVER
[19:36:05] [main/INFO]: Environment: authHost='https://authserver.mojang.com', accountsHost='https://api.mojang.com', sessionHost='https://sessionserver.mojang.com', servicesHost='https://api.minecraftservices.com', name='PROD'
[19:36:06] [main/INFO]: Loaded 7 recipes
[19:36:07] [main/INFO]: Loaded 1179 advancements
[19:36:07] [Server thread/INFO]: Starting minecraft server version 1.19.4
[19:36:07] [Server thread/INFO]: Loading properties
[19:36:07] [Server thread/INFO]: Default game type: SURVIVAL
[19:36:07] [Server thread/INFO]: Generating keypair
[19:36:07] [Server thread/INFO]: Starting Minecraft server on *:25565
[19:36:07] [Server thread/INFO]: Using epoll channel type
[19:36:07] [Server thread/WARN]: **** SERVER IS RUNNING IN OFFLINE/INSECURE MODE!
[19:36:07] [Server thread/WARN]: The server will make no attempt to authenticate usernames. Beware.
[19:36:07] [Server thread/WARN]: While this makes the game possible to play without internet access, it also opens up the ability for hackers to connect with any username they choose.
[19:36:07] [Server thread/WARN]: To change this, set "online-mode" to "true" in the server.properties file.
[19:36:07] [Server thread/INFO]: Preparing level "world"
[19:36:10] [Server thread/INFO]: Preparing start region for dimension minecraft:overworld
[19:36:14] [Worker-Main-3/INFO]: Preparing spawn area: 0%
[19:36:14] [Worker-Main-1/INFO]: Preparing spawn area: 0%
[19:36:14] [Worker-Main-1/INFO]: Preparing spawn area: 0%
[19:36:14] [Worker-Main-2/INFO]: Preparing spawn area: 0%
[19:36:14] [Worker-Main-1/INFO]: Preparing spawn area: 0%
[19:36:14] [Worker-Main-3/INFO]: Preparing spawn area: 0%
[19:36:14] [Worker-Main-3/INFO]: Preparing spawn area: 0%
[19:36:14] [Worker-Main-3/INFO]: Preparing spawn area: 0%
[19:36:14] [Worker-Main-3/INFO]: Preparing spawn area: 0%
[19:36:15] [Worker-Main-1/INFO]: Preparing spawn area: 0%
[19:36:15] [Worker-Main-2/INFO]: Preparing spawn area: 39%
[19:36:16] [Server thread/INFO]: Time elapsed: 5462 ms
[19:36:16] [Server thread/INFO]: Done (8.346s)! For help, type "help"
[19:36:24] [Server thread/INFO]: Stopping the server
[19:36:24] [Server thread/INFO]: Stopping server
[19:36:24] [Server thread/INFO]: Saving players
[19:36:24] [Server thread/INFO]: Saving worlds
[19:36:26] [Server thread/INFO]: Saving chunks for level 'ServerLevel[world]'/minecraft:overworld
[19:36:26] [Server thread/INFO]: Saving chunks for level 'ServerLevel[world]'/minecraft:the_nether
[19:36:26] [Server thread/INFO]: Saving chunks for level 'ServerLevel[world]'/minecraft:the_end
[19:36:26] [Server thread/INFO]: ThreadedAnvilChunkStorage (world): All chunks are saved
[19:36:26] [Server thread/INFO]: ThreadedAnvilChunkStorage (DIM-1): All chunks are saved
[19:36:26] [Server thread/INFO]: ThreadedAnvilChunkStorage (DIM1): All chunks are saved
[19:36:26] [Server thread/INFO]: ThreadedAnvilChunkStorage: All dimensions are saved
